0 info it worked if it ends with ok
1 verbose cli [ '/usr/local/bin/node', '/usr/local/bin/npm', 'run', 'eject' ]
2 info using npm@3.10.10
3 info using node@v10.10.0
4 verbose run-script [ 'preeject', 'eject', 'posteject' ]
5 info lifecycle react01@0.1.0~preeject: react01@0.1.0
6 silly lifecycle react01@0.1.0~preeject: no script for preeject, continuing
7 info lifecycle react01@0.1.0~eject: react01@0.1.0
8 verbose lifecycle react01@0.1.0~eject: unsafe-perm in lifecycle true
9 verbose lifecycle react01@0.1.0~eject: PATH: /usr/local/lib/node_modules/npm/bin/node-gyp-bin:/Users/zouyifeng/Documents/Project/myself/practice/react/demo/node_modules/.bin:/usr/local/opt/mysql@5.7/bin:/Users/zouyifeng/.yarn/bin:/Users/zouyifeng/.config/yarn/global/node_modules/.bin:/usr/local/bin:/usr/bin:/bin:/usr/sbin:/sbin:/Users/zouyifeng/Library/Android/sdk/platform-tools:/Users/zouyifeng/Library/Android/sdk/tools:/Applications/Wireshark.app/Contents/MacOS:/usr/local/opt/mysql@5.7/bin:/Users/zouyifeng/.yarn/bin:/Users/zouyifeng/.config/yarn/global/node_modules/.bin:/Users/zouyifeng/.rvm/bin:/Users/zouyifeng/.rvm/bin
10 verbose lifecycle react01@0.1.0~eject: CWD: /Users/zouyifeng/Documents/Project/myself/practice/react/demo
11 silly lifecycle react01@0.1.0~eject: Args: [ '-c', 'react-app-rewired eject' ]
12 silly lifecycle react01@0.1.0~eject: Returned: code: 1  signal: null
13 info lifecycle react01@0.1.0~eject: Failed to exec eject script
14 verbose stack Error: react01@0.1.0 eject: `react-app-rewired eject`
14 verbose stack Exit status 1
14 verbose stack     at EventEmitter.<anonymous> (/usr/local/lib/node_modules/npm/lib/utils/lifecycle.js:255:16)
14 verbose stack     at EventEmitter.emit (events.js:182:13)
14 verbose stack     at ChildProcess.<anonymous> (/usr/local/lib/node_modules/npm/lib/utils/spawn.js:40:14)
14 verbose stack     at ChildProcess.emit (events.js:182:13)
14 verbose stack     at maybeClose (internal/child_process.js:962:16)
14 verbose stack     at Process.ChildProcess._handle.onexit (internal/child_process.js:251:5)
15 verbose pkgid react01@0.1.0
16 verbose cwd /Users/zouyifeng/Documents/Project/myself/practice/react/demo
17 error Darwin 17.7.0
18 error argv "/usr/local/bin/node" "/usr/local/bin/npm" "run" "eject"
19 error node v10.10.0
20 error npm  v3.10.10
21 error code ELIFECYCLE
22 error react01@0.1.0 eject: `react-app-rewired eject`
22 error Exit status 1
23 error Failed at the react01@0.1.0 eject script 'react-app-rewired eject'.
23 error Make sure you have the latest version of node.js and npm installed.
23 error If you do, this is most likely a problem with the react01 package,
23 error not with npm itself.
23 error Tell the author that this fails on your system:
23 error     react-app-rewired eject
23 error You can get information on how to open an issue for this project with:
23 error     npm bugs react01
23 error Or if that isn't available, you can get their info via:
23 error     npm owner ls react01
23 error There is likely additional logging output above.
24 verbose exit [ 1, true ]
